[2020-12-08 20:30:31 INFO /Users/wangraku/go/src/github.com/hfeng101/niwo/cmd/root.go github.com/hfeng101/niwo/cmd.run 116]: starting niwo...
[2020-12-08 20:30:32 INFO /Users/wangraku/go/src/github.com/hfeng101/niwo/cmd/root.go github.com/hfeng101/niwo/cmd.run 143]: InitMongoDb starting!
[2020-12-08 20:30:32 INFO /Users/wangraku/go/src/github.com/hfeng101/niwo/storage/mongodb.go github.com/hfeng101/niwo/storage.CreateMongoCollectionAndIndex 77]: mongo.Connect successed, MongoDbHandle is {0xc000936380 niwo 0xc0004a56d0 <nil> 0x3d09600 0xc0005354c0 0xc000535500 0xc0003d71f0}
[2020-12-08 20:30:32 INFO /usr/local/Cellar/go/1.15/libexec/src/context/context.go context.Background 209]: niwoCollection is {0xc000936380 0xc00077c900 personage 0xc0004a56d0 <nil> 0x3d09600 0xc000535580 0xc0005355e0 0xc0003d71f0}
[2020-12-08 20:30:32 INFO /usr/local/Cellar/go/1.15/libexec/src/context/context.go context.Background 209]: niwoCollection is {0xc000936380 0xc00077c900 sport 0xc0004a56d0 <nil> 0x3d09600 0xc00032c8c0 0xc00032c980 0xc0003d71f0}
[2020-12-08 20:30:32 INFO /usr/local/Cellar/go/1.15/libexec/src/context/context.go context.Background 209]: niwoCollection is {0xc000936380 0xc00077c900 economics 0xc0004a56d0 <nil> 0x3d09600 0xc00012a680 0xc00012a700 0xc0003d71f0}
[2020-12-08 20:30:32 INFO /usr/local/Cellar/go/1.15/libexec/src/context/context.go context.Background 209]: niwoCollection is {0xc000936380 0xc00077c900 military 0xc0004a56d0 <nil> 0x3d09600 0xc00032d040 0xc00032d0e0 0xc0003d71f0}
[2020-12-08 20:30:32 INFO /usr/local/Cellar/go/1.15/libexec/src/context/context.go context.Background 209]: niwoCollection is {0xc000936380 0xc00077c900 entertainment 0xc0004a56d0 <nil> 0x3d09600 0xc00032d700 0xc00032d740 0xc0003d71f0}
[2020-12-08 20:30:32 INFO /Users/wangraku/go/src/github.com/hfeng101/niwo/cmd/root.go github.com/hfeng101/niwo/cmd.run 155]: InitMongoDb success!
[2020-12-08 20:30:33 INFO /Users/wangraku/go/src/github.com/hfeng101/niwo/router/register/content.go github.com/hfeng101/niwo/router/register.ContentRouteRegister 15]: ContentRouteRegister starting
[2020-12-08 20:35:03 ERROR /Users/wangraku/go/src/github.com/hfeng101/niwo/controller/content/v1/content_operation.go github.com/hfeng101/niwo/controller/content/v1.UpdateContent 263]: filter is map[uuid:ac5b7cdf-9994-4e2d-be75-7082c4257dc8], 
 data is map[$set:map[content:hahahahaha 22222222222222 uuid:ac5b7cdf-9994-4e2d-be75-7082c4257dc8]]
[2020-12-08 20:35:04 ERROR /Users/wangraku/go/pkg/mod/go.mongodb.org/mongo-driver@v1.4.2/mongo/database.go go.mongodb.org/mongo-driver/mongo.(*Database).Collection 101]: filter 11111 is map[uuid:ac5b7cdf-9994-4e2d-be75-7082c4257dc8], 
 data 11111 is map[$set:map[content:hahahahaha 22222222222222 uuid:ac5b7cdf-9994-4e2d-be75-7082c4257dc8]]
[2020-12-08 20:38:44 DEBUG /Users/wangraku/go/src/github.com/hfeng101/niwo/cmd/root.go github.com/hfeng101/niwo/cmd.gracefulExit 252]: The 1th signal recved: interrupt
[2020-12-08 20:38:44 INFO /Users/wangraku/go/src/github.com/hfeng101/niwo/cmd/root.go github.com/hfeng101/niwo/cmd.gracefulExit 254]: waiting for running process to finish before shutting down, take care to press ctrl+c to quit abruptly
[2020-12-08 20:38:44 INFO /Users/wangraku/go/src/github.com/hfeng101/niwo/cmd/root.go github.com/hfeng101/niwo/cmd.gracefulExit.func1 257]: main process exit 10s later
[2020-12-08 20:38:45 DEBUG /Users/wangraku/go/src/github.com/hfeng101/niwo/cmd/root.go github.com/hfeng101/niwo/cmd.gracefulExit 252]: The 2th signal recved: interrupt
[2020-12-08 20:38:45 INFO /Users/wangraku/go/src/github.com/hfeng101/niwo/cmd/root.go github.com/hfeng101/niwo/cmd.gracefulExit 264]: quit abruptly
[2020-12-08 20:38:59 INFO /Users/wangraku/go/src/github.com/hfeng101/niwo/cmd/root.go github.com/hfeng101/niwo/cmd.run 116]: starting niwo...
[2020-12-08 20:38:59 INFO /Users/wangraku/go/src/github.com/hfeng101/niwo/cmd/root.go github.com/hfeng101/niwo/cmd.run 143]: InitMongoDb starting!
[2020-12-08 20:38:59 INFO /Users/wangraku/go/src/github.com/hfeng101/niwo/storage/mongodb.go github.com/hfeng101/niwo/storage.CreateMongoCollectionAndIndex 77]: mongo.Connect successed, MongoDbHandle is {0xc000637180 niwo 0xc0001031c0 <nil> 0x3d09600 0xc0001a3f80 0xc0001a3fe0 0xc000419f80}
[2020-12-08 20:38:59 INFO /usr/local/Cellar/go/1.15/libexec/src/context/context.go context.Background 209]: niwoCollection is {0xc000637180 0xc0003befc0 personage 0xc0001031c0 <nil> 0x3d09600 0xc00000e0a0 0xc00000e120 0xc000419f80}
[2020-12-08 20:38:59 INFO /usr/local/Cellar/go/1.15/libexec/src/context/context.go context.Background 209]: niwoCollection is {0xc000637180 0xc0003befc0 sport 0xc0001031c0 <nil> 0x3d09600 0xc00009c6c0 0xc00009c8c0 0xc000419f80}
[2020-12-08 20:38:59 INFO /usr/local/Cellar/go/1.15/libexec/src/context/context.go context.Background 209]: niwoCollection is {0xc000637180 0xc0003befc0 economics 0xc0001031c0 <nil> 0x3d09600 0xc00037e640 0xc00037e680 0xc000419f80}
[2020-12-08 20:38:59 INFO /usr/local/Cellar/go/1.15/libexec/src/context/context.go context.Background 209]: niwoCollection is {0xc000637180 0xc0003befc0 military 0xc0001031c0 <nil> 0x3d09600 0xc00037ed60 0xc00037efa0 0xc000419f80}
[2020-12-08 20:38:59 INFO /usr/local/Cellar/go/1.15/libexec/src/context/context.go context.Background 209]: niwoCollection is {0xc000637180 0xc0003befc0 entertainment 0xc0001031c0 <nil> 0x3d09600 0xc00009cc40 0xc00009cc80 0xc000419f80}
[2020-12-08 20:38:59 INFO /Users/wangraku/go/src/github.com/hfeng101/niwo/cmd/root.go github.com/hfeng101/niwo/cmd.run 155]: InitMongoDb success!
[2020-12-08 20:39:00 INFO /Users/wangraku/go/src/github.com/hfeng101/niwo/router/register/content.go github.com/hfeng101/niwo/router/register.ContentRouteRegister 15]: ContentRouteRegister starting
[2020-12-08 20:43:41 DEBUG /Users/wangraku/go/src/github.com/hfeng101/niwo/cmd/root.go github.com/hfeng101/niwo/cmd.gracefulExit 252]: The 1th signal recved: interrupt
[2020-12-08 20:43:41 INFO /Users/wangraku/go/src/github.com/hfeng101/niwo/cmd/root.go github.com/hfeng101/niwo/cmd.gracefulExit 254]: waiting for running process to finish before shutting down, take care to press ctrl+c to quit abruptly
[2020-12-08 20:43:41 INFO /Users/wangraku/go/src/github.com/hfeng101/niwo/cmd/root.go github.com/hfeng101/niwo/cmd.gracefulExit.func1 257]: main process exit 10s later
[2020-12-08 20:43:42 DEBUG /Users/wangraku/go/src/github.com/hfeng101/niwo/cmd/root.go github.com/hfeng101/niwo/cmd.gracefulExit 252]: The 2th signal recved: interrupt
[2020-12-08 20:43:42 INFO /Users/wangraku/go/src/github.com/hfeng101/niwo/cmd/root.go github.com/hfeng101/niwo/cmd.gracefulExit 264]: quit abruptly
[2020-12-08 20:43:55 INFO /Users/wangraku/go/src/github.com/hfeng101/niwo/cmd/root.go github.com/hfeng101/niwo/cmd.run 116]: starting niwo...
[2020-12-08 20:43:55 INFO /Users/wangraku/go/src/github.com/hfeng101/niwo/cmd/root.go github.com/hfeng101/niwo/cmd.run 143]: InitMongoDb starting!
[2020-12-08 20:43:55 INFO /Users/wangraku/go/src/github.com/hfeng101/niwo/storage/mongodb.go github.com/hfeng101/niwo/storage.CreateMongoCollectionAndIndex 77]: mongo.Connect successed, MongoDbHandle is {0xc00040bc00 niwo 0xc0000ec020 <nil> 0x3d0a600 0xc0000cec20 0xc0000cece0 0xc000412070}
[2020-12-08 20:43:55 INFO /usr/local/Cellar/go/1.15/libexec/src/context/context.go context.Background 209]: niwoCollection is {0xc00040bc00 0xc00019be60 personage 0xc0000ec020 <nil> 0x3d0a600 0xc0000ced60 0xc0000cede0 0xc000412070}
[2020-12-08 20:43:55 INFO /usr/local/Cellar/go/1.15/libexec/src/context/context.go context.Background 209]: niwoCollection is {0xc00040bc00 0xc00019be60 sport 0xc0000ec020 <nil> 0x3d0a600 0xc00029c380 0xc00029c440 0xc000412070}
[2020-12-08 20:43:55 INFO /usr/local/Cellar/go/1.15/libexec/src/context/context.go context.Background 209]: niwoCollection is {0xc00040bc00 0xc00019be60 economics 0xc0000ec020 <nil> 0x3d0a600 0xc0000deca0 0xc0000dece0 0xc000412070}
[2020-12-08 20:43:55 INFO /usr/local/Cellar/go/1.15/libexec/src/context/context.go context.Background 209]: niwoCollection is {0xc00040bc00 0xc00019be60 military 0xc0000ec020 <nil> 0x3d0a600 0xc00029c7e0 0xc00029c860 0xc000412070}
[2020-12-08 20:43:55 INFO /usr/local/Cellar/go/1.15/libexec/src/context/context.go context.Background 209]: niwoCollection is {0xc00040bc00 0xc00019be60 entertainment 0xc0000ec020 <nil> 0x3d0a600 0xc0000cf220 0xc0000cf2a0 0xc000412070}
[2020-12-08 20:43:55 INFO /Users/wangraku/go/src/github.com/hfeng101/niwo/cmd/root.go github.com/hfeng101/niwo/cmd.run 155]: InitMongoDb success!
[2020-12-08 20:43:56 INFO /Users/wangraku/go/src/github.com/hfeng101/niwo/router/register/content.go github.com/hfeng101/niwo/router/register.ContentRouteRegister 15]: ContentRouteRegister starting
[2020-12-08 20:44:20 INFO /Users/wangraku/go/src/github.com/hfeng101/niwo/controller/content/v1/content_operation.go github.com/hfeng101/niwo/controller/content/v1.AddContent 110]: FirstOrCreate 2222 mysql peronageRecord is &{{1 2020-12-07 21:01:59 +0800 CST 2020-12-07 21:01:59 +0800 CST <nil>} 5586ac14-722a-4f45-aac2-b2cf24d726b7 test111 ha}
[2020-12-09 20:45:18 DEBUG /Users/wangraku/go/src/github.com/hfeng101/niwo/cmd/root.go github.com/hfeng101/niwo/cmd.gracefulExit 252]: The 1th signal recved: interrupt
[2020-12-09 20:45:18 INFO /Users/wangraku/go/src/github.com/hfeng101/niwo/cmd/root.go github.com/hfeng101/niwo/cmd.gracefulExit 254]: waiting for running process to finish before shutting down, take care to press ctrl+c to quit abruptly
[2020-12-09 20:45:18 INFO /Users/wangraku/go/src/github.com/hfeng101/niwo/cmd/root.go github.com/hfeng101/niwo/cmd.gracefulExit.func1 257]: main process exit 10s later
[2020-12-09 20:45:19 DEBUG /Users/wangraku/go/src/github.com/hfeng101/niwo/cmd/root.go github.com/hfeng101/niwo/cmd.gracefulExit 252]: The 2th signal recved: interrupt
[2020-12-09 20:45:19 INFO /Users/wangraku/go/src/github.com/hfeng101/niwo/cmd/root.go github.com/hfeng101/niwo/cmd.gracefulExit 264]: quit abruptly
[2020-12-09 20:45:34 INFO /Users/wangraku/go/src/github.com/hfeng101/niwo/cmd/root.go github.com/hfeng101/niwo/cmd.run 116]: starting niwo...
[2020-12-09 20:45:36 INFO /Users/wangraku/go/src/github.com/hfeng101/niwo/cmd/root.go github.com/hfeng101/niwo/cmd.run 143]: InitMongoDb starting!
[2020-12-09 20:45:36 INFO /Users/wangraku/go/src/github.com/hfeng101/niwo/storage/mongodb.go github.com/hfeng101/niwo/storage.CreateMongoCollectionAndIndex 77]: mongo.Connect successed, MongoDbHandle is {0xc000438700 niwo 0xc0004ff0c0 <nil> 0x3d0a600 0xc000162520 0xc000162560 0xc0005b0070}
[2020-12-09 20:45:36 INFO /usr/local/Cellar/go/1.15/libexec/src/context/context.go context.Background 209]: niwoCollection is {0xc000438700 0xc000093f80 personage 0xc0004ff0c0 <nil> 0x3d0a600 0xc0001625c0 0xc000162640 0xc0005b0070}
[2020-12-09 20:45:36 INFO /usr/local/Cellar/go/1.15/libexec/src/context/context.go context.Background 209]: niwoCollection is {0xc000438700 0xc000093f80 sport 0xc0004ff0c0 <nil> 0x3d0a600 0xc000324440 0xc000324480 0xc0005b0070}
[2020-12-09 20:45:36 INFO /usr/local/Cellar/go/1.15/libexec/src/context/context.go context.Background 209]: niwoCollection is {0xc000438700 0xc000093f80 economics 0xc0004ff0c0 <nil> 0x3d0a600 0xc000162a60 0xc000162aa0 0xc0005b0070}
[2020-12-09 20:45:36 INFO /usr/local/Cellar/go/1.15/libexec/src/context/context.go context.Background 209]: niwoCollection is {0xc000438700 0xc000093f80 military 0xc0004ff0c0 <nil> 0x3d0a600 0xc000162e40 0xc000162ea0 0xc0005b0070}
[2020-12-09 20:45:36 INFO /usr/local/Cellar/go/1.15/libexec/src/context/context.go context.Background 209]: niwoCollection is {0xc000438700 0xc000093f80 entertainment 0xc0004ff0c0 <nil> 0x3d0a600 0xc0003247c0 0xc000324840 0xc0005b0070}
[2020-12-09 20:45:36 INFO /Users/wangraku/go/src/github.com/hfeng101/niwo/cmd/root.go github.com/hfeng101/niwo/cmd.run 155]: InitMongoDb success!
[2020-12-09 20:45:36 INFO /Users/wangraku/go/src/github.com/hfeng101/niwo/router/register/content.go github.com/hfeng101/niwo/router/register.ContentRouteRegister 15]: ContentRouteRegister starting
[2020-12-09 20:46:51 INFO /Users/wangraku/go/src/github.com/hfeng101/niwo/controller/content/v1/content_operation.go github.com/hfeng101/niwo/controller/content/v1.AddContent 110]: FirstOrCreate 2222 mysql peronageRecord is &{{1 2020-12-07 21:01:59 +0800 CST 2020-12-07 21:01:59 +0800 CST <nil>} 5586ac14-722a-4f45-aac2-b2cf24d726b7 test111 ha}
[2020-12-09 20:46:51 ERROR /Users/wangraku/go/src/github.com/hfeng101/niwo/controller/content/v1/content_operation.go github.com/hfeng101/niwo/controller/content/v1.AddContent 113]: Mysql first create failed!!!
[2020-12-09 20:48:10 INFO /Users/wangraku/go/src/github.com/hfeng101/niwo/controller/content/v1/content_operation.go github.com/hfeng101/niwo/controller/content/v1.AddContent 110]: FirstOrCreate 2222 mysql peronageRecord is &{{2 2020-12-09 20:48:10.014859 +0800 CST m=+155.720472503 2020-12-09 20:48:10.014859 +0800 CST m=+155.720472503 <nil>} 5b9e6c03-a327-4231-b7ef-8263f5dc0627 test5555 ha}
[2020-12-09 20:48:10 ERROR /Users/wangraku/go/src/github.com/hfeng101/niwo/controller/content/v1/content_operation.go github.com/hfeng101/niwo/controller/content/v1.AddContent 113]: Mysql first create failed!!!
[2020-12-09 20:53:11 DEBUG /Users/wangraku/go/src/github.com/hfeng101/niwo/cmd/root.go github.com/hfeng101/niwo/cmd.gracefulExit 252]: The 1th signal recved: interrupt
[2020-12-09 20:53:11 INFO /Users/wangraku/go/src/github.com/hfeng101/niwo/cmd/root.go github.com/hfeng101/niwo/cmd.gracefulExit 254]: waiting for running process to finish before shutting down, take care to press ctrl+c to quit abruptly
[2020-12-09 20:53:11 INFO /Users/wangraku/go/src/github.com/hfeng101/niwo/cmd/root.go github.com/hfeng101/niwo/cmd.gracefulExit.func1 257]: main process exit 10s later
[2020-12-09 20:53:13 DEBUG /Users/wangraku/go/src/github.com/hfeng101/niwo/cmd/root.go github.com/hfeng101/niwo/cmd.gracefulExit 252]: The 2th signal recved: interrupt
[2020-12-09 20:53:13 INFO /Users/wangraku/go/src/github.com/hfeng101/niwo/cmd/root.go github.com/hfeng101/niwo/cmd.gracefulExit 264]: quit abruptly
[2020-12-09 20:53:31 INFO /Users/wangraku/go/src/github.com/hfeng101/niwo/cmd/root.go github.com/hfeng101/niwo/cmd.run 116]: starting niwo...
[2020-12-09 20:53:32 INFO /Users/wangraku/go/src/github.com/hfeng101/niwo/cmd/root.go github.com/hfeng101/niwo/cmd.run 143]: InitMongoDb starting!
[2020-12-09 20:53:32 INFO /Users/wangraku/go/src/github.com/hfeng101/niwo/storage/mongodb.go github.com/hfeng101/niwo/storage.CreateMongoCollectionAndIndex 77]: mongo.Connect successed, MongoDbHandle is {0xc000427c00 niwo 0xc0001c51f0 <nil> 0x3d0a600 0xc0002716a0 0xc000271720 0xc000357dc0}
[2020-12-09 20:53:32 INFO /usr/local/Cellar/go/1.15/libexec/src/context/context.go context.Background 209]: niwoCollection is {0xc000427c00 0xc00013aea0 personage 0xc0001c51f0 <nil> 0x3d0a600 0xc0001ca140 0xc0001ca1e0 0xc000357dc0}
[2020-12-09 20:53:32 INFO /usr/local/Cellar/go/1.15/libexec/src/context/context.go context.Background 209]: niwoCollection is {0xc000427c00 0xc00013aea0 sport 0xc0001c51f0 <nil> 0x3d0a600 0xc0001de380 0xc0001de400 0xc000357dc0}
[2020-12-09 20:53:32 INFO /usr/local/Cellar/go/1.15/libexec/src/context/context.go context.Background 209]: niwoCollection is {0xc000427c00 0xc00013aea0 economics 0xc0001c51f0 <nil> 0x3d0a600 0xc0001ca820 0xc0001ca8a0 0xc000357dc0}
[2020-12-09 20:53:32 INFO /usr/local/Cellar/go/1.15/libexec/src/context/context.go context.Background 209]: niwoCollection is {0xc000427c00 0xc00013aea0 military 0xc0001c51f0 <nil> 0x3d0a600 0xc0002719c0 0xc000271a40 0xc000357dc0}
[2020-12-09 20:53:32 INFO /usr/local/Cellar/go/1.15/libexec/src/context/context.go context.Background 209]: niwoCollection is {0xc000427c00 0xc00013aea0 entertainment 0xc0001c51f0 <nil> 0x3d0a600 0xc000271e60 0xc000271ee0 0xc000357dc0}
[2020-12-09 20:53:32 INFO /Users/wangraku/go/src/github.com/hfeng101/niwo/cmd/root.go github.com/hfeng101/niwo/cmd.run 155]: InitMongoDb success!
[2020-12-09 20:53:33 INFO /Users/wangraku/go/src/github.com/hfeng101/niwo/router/register/content.go github.com/hfeng101/niwo/router/register.ContentRouteRegister 15]: ContentRouteRegister starting
[2020-12-09 20:54:20 INFO /Users/wangraku/go/src/github.com/hfeng101/niwo/controller/content/v1/content_operation.go github.com/hfeng101/niwo/controller/content/v1.AddContent 111]: FirstOrCreate 2222 mysql peronageRecord is &{{3 2020-12-09 20:54:19.827794 +0800 CST m=+48.667620587 2020-12-09 20:54:19.827794 +0800 CST m=+48.667620587 <nil>} dc738102-e068-4052-a3d6-be9307676d3c test5555 ha}
[2020-12-09 21:01:45 DEBUG /Users/wangraku/go/src/github.com/hfeng101/niwo/cmd/root.go github.com/hfeng101/niwo/cmd.gracefulExit 252]: The 1th signal recved: interrupt
[2020-12-09 21:01:45 INFO /Users/wangraku/go/src/github.com/hfeng101/niwo/cmd/root.go github.com/hfeng101/niwo/cmd.gracefulExit 254]: waiting for running process to finish before shutting down, take care to press ctrl+c to quit abruptly
[2020-12-09 21:01:45 INFO /Users/wangraku/go/src/github.com/hfeng101/niwo/cmd/root.go github.com/hfeng101/niwo/cmd.gracefulExit.func1 257]: main process exit 10s later
[2020-12-09 21:01:46 DEBUG /Users/wangraku/go/src/github.com/hfeng101/niwo/cmd/root.go github.com/hfeng101/niwo/cmd.gracefulExit 252]: The 2th signal recved: interrupt
[2020-12-09 21:01:46 INFO /Users/wangraku/go/src/github.com/hfeng101/niwo/cmd/root.go github.com/hfeng101/niwo/cmd.gracefulExit 264]: quit abruptly
[2020-12-09 21:01:58 INFO /Users/wangraku/go/src/github.com/hfeng101/niwo/cmd/root.go github.com/hfeng101/niwo/cmd.run 116]: starting niwo...
[2020-12-09 21:01:59 INFO /Users/wangraku/go/src/github.com/hfeng101/niwo/cmd/root.go github.com/hfeng101/niwo/cmd.run 143]: InitMongoDb starting!
[2020-12-09 21:01:59 INFO /Users/wangraku/go/src/github.com/hfeng101/niwo/storage/mongodb.go github.com/hfeng101/niwo/storage.CreateMongoCollectionAndIndex 77]: mongo.Connect successed, MongoDbHandle is {0xc000722a80 niwo 0xc0002c6710 <nil> 0x3d0a600 0xc0002a58a0 0xc0002a5920 0xc0003ec070}
[2020-12-09 21:01:59 INFO /usr/local/Cellar/go/1.15/libexec/src/context/context.go context.Background 209]: niwoCollection is {0xc000722a80 0xc000093c20 personage 0xc0002c6710 <nil> 0x3d0a600 0xc0002a5a40 0xc0002a5ac0 0xc0003ec070}
[2020-12-09 21:01:59 INFO /usr/local/Cellar/go/1.15/libexec/src/context/context.go context.Background 209]: niwoCollection is {0xc000722a80 0xc000093c20 sport 0xc0002c6710 <nil> 0x3d0a600 0xc0002a5f40 0xc0002a5fe0 0xc0003ec070}
[2020-12-09 21:01:59 INFO /usr/local/Cellar/go/1.15/libexec/src/context/context.go context.Background 209]: niwoCollection is {0xc000722a80 0xc000093c20 economics 0xc0002c6710 <nil> 0x3d0a600 0xc0002ae480 0xc0002ae5a0 0xc0003ec070}
[2020-12-09 21:01:59 INFO /usr/local/Cellar/go/1.15/libexec/src/context/context.go context.Background 209]: niwoCollection is {0xc000722a80 0xc000093c20 military 0xc0002c6710 <nil> 0x3d0a600 0xc000322a60 0xc000322aa0 0xc0003ec070}
[2020-12-09 21:01:59 INFO /usr/local/Cellar/go/1.15/libexec/src/context/context.go context.Background 209]: niwoCollection is {0xc000722a80 0xc000093c20 entertainment 0xc0002c6710 <nil> 0x3d0a600 0xc0002b6440 0xc0002b64c0 0xc0003ec070}
[2020-12-09 21:01:59 INFO /Users/wangraku/go/src/github.com/hfeng101/niwo/cmd/root.go github.com/hfeng101/niwo/cmd.run 155]: InitMongoDb success!
[2020-12-09 21:01:59 INFO /Users/wangraku/go/src/github.com/hfeng101/niwo/router/register/content.go github.com/hfeng101/niwo/router/register.ContentRouteRegister 15]: ContentRouteRegister starting
[2020-12-09 21:02:31 INFO /Users/wangraku/go/src/github.com/hfeng101/niwo/controller/content/v1/content_operation.go github.com/hfeng101/niwo/controller/content/v1.AddContent 111]: FirstOrCreate 2222 mysql peronageRecord is &{{4 2020-12-09 21:02:31.761042 +0800 CST m=+33.179411809 2020-12-09 21:02:31.761042 +0800 CST m=+33.179411809 <nil>} ae37aa17-aab1-404d-8392-d34be2ed48fe test5555 ha}
[2020-12-09 21:04:04 DEBUG /Users/wangraku/go/src/github.com/hfeng101/niwo/cmd/root.go github.com/hfeng101/niwo/cmd.gracefulExit 252]: The 1th signal recved: interrupt
[2020-12-09 21:04:04 INFO /Users/wangraku/go/src/github.com/hfeng101/niwo/cmd/root.go github.com/hfeng101/niwo/cmd.gracefulExit 254]: waiting for running process to finish before shutting down, take care to press ctrl+c to quit abruptly
[2020-12-09 21:04:04 INFO /Users/wangraku/go/src/github.com/hfeng101/niwo/cmd/root.go github.com/hfeng101/niwo/cmd.gracefulExit.func1 257]: main process exit 10s later
[2020-12-09 21:04:04 DEBUG /Users/wangraku/go/src/github.com/hfeng101/niwo/cmd/root.go github.com/hfeng101/niwo/cmd.gracefulExit 252]: The 2th signal recved: interrupt
[2020-12-09 21:04:04 INFO /Users/wangraku/go/src/github.com/hfeng101/niwo/cmd/root.go github.com/hfeng101/niwo/cmd.gracefulExit 264]: quit abruptly
[2020-12-09 21:04:15 INFO /Users/wangraku/go/src/github.com/hfeng101/niwo/cmd/root.go github.com/hfeng101/niwo/cmd.run 116]: starting niwo...
[2020-12-09 21:04:15 INFO /Users/wangraku/go/src/github.com/hfeng101/niwo/cmd/root.go github.com/hfeng101/niwo/cmd.run 143]: InitMongoDb starting!
[2020-12-09 21:04:15 INFO /Users/wangraku/go/src/github.com/hfeng101/niwo/storage/mongodb.go github.com/hfeng101/niwo/storage.CreateMongoCollectionAndIndex 77]: mongo.Connect successed, MongoDbHandle is {0xc0008fe380 niwo 0xc000092690 <nil> 0x3d0a600 0xc0002de2a0 0xc0002de2e0 0xc000376620}
[2020-12-09 21:04:15 INFO /usr/local/Cellar/go/1.15/libexec/src/context/context.go context.Background 209]: niwoCollection is {0xc0008fe380 0xc0000dd680 personage 0xc000092690 <nil> 0x3d0a600 0xc0002de380 0xc0002de420 0xc000376620}
[2020-12-09 21:04:15 INFO /usr/local/Cellar/go/1.15/libexec/src/context/context.go context.Background 209]: niwoCollection is {0xc0008fe380 0xc0000dd680 sport 0xc000092690 <nil> 0x3d0a600 0xc0002243e0 0xc000224480 0xc000376620}
[2020-12-09 21:04:15 INFO /usr/local/Cellar/go/1.15/libexec/src/context/context.go context.Background 209]: niwoCollection is {0xc0008fe380 0xc0000dd680 economics 0xc000092690 <nil> 0x3d0a600 0xc0002de860 0xc0002de900 0xc000376620}
[2020-12-09 21:04:15 INFO /usr/local/Cellar/go/1.15/libexec/src/context/context.go context.Background 209]: niwoCollection is {0xc0008fe380 0xc0000dd680 military 0xc000092690 <nil> 0x3d0a600 0xc0002ded60 0xc0002dedc0 0xc000376620}
[2020-12-09 21:04:15 INFO /usr/local/Cellar/go/1.15/libexec/src/context/context.go context.Background 209]: niwoCollection is {0xc0008fe380 0xc0000dd680 entertainment 0xc000092690 <nil> 0x3d0a600 0xc0002df140 0xc0002df1e0 0xc000376620}
[2020-12-09 21:04:15 INFO /Users/wangraku/go/src/github.com/hfeng101/niwo/cmd/root.go github.com/hfeng101/niwo/cmd.run 155]: InitMongoDb success!
[2020-12-09 21:04:16 INFO /Users/wangraku/go/src/github.com/hfeng101/niwo/router/register/content.go github.com/hfeng101/niwo/router/register.ContentRouteRegister 15]: ContentRouteRegister starting
[2020-12-09 21:04:27 INFO /Users/wangraku/go/src/github.com/hfeng101/niwo/controller/content/v1/content_operation.go github.com/hfeng101/niwo/controller/content/v1.AddContent 110]: FirstOrCreate 2222 mysql peronageRecord is &{{5 2020-12-09 21:04:27.850669 +0800 CST m=+12.612244827 2020-12-09 21:04:27.850669 +0800 CST m=+12.612244827 <nil>} 359842c4-4ffa-4e95-92ec-cab2f58128f2 test5555 ha}
[2020-12-09 21:10:09 DEBUG /Users/wangraku/go/src/github.com/hfeng101/niwo/cmd/root.go github.com/hfeng101/niwo/cmd.gracefulExit 252]: The 1th signal recved: interrupt
[2020-12-09 21:10:09 INFO /Users/wangraku/go/src/github.com/hfeng101/niwo/cmd/root.go github.com/hfeng101/niwo/cmd.gracefulExit 254]: waiting for running process to finish before shutting down, take care to press ctrl+c to quit abruptly
[2020-12-09 21:10:09 INFO /Users/wangraku/go/src/github.com/hfeng101/niwo/cmd/root.go github.com/hfeng101/niwo/cmd.gracefulExit.func1 257]: main process exit 10s later
[2020-12-09 21:10:09 DEBUG /Users/wangraku/go/src/github.com/hfeng101/niwo/cmd/root.go github.com/hfeng101/niwo/cmd.gracefulExit 252]: The 2th signal recved: interrupt
[2020-12-09 21:10:09 INFO /Users/wangraku/go/src/github.com/hfeng101/niwo/cmd/root.go github.com/hfeng101/niwo/cmd.gracefulExit 264]: quit abruptly
[2020-12-09 21:10:21 INFO /Users/wangraku/go/src/github.com/hfeng101/niwo/cmd/root.go github.com/hfeng101/niwo/cmd.run 116]: starting niwo...
[2020-12-09 21:10:22 INFO /Users/wangraku/go/src/github.com/hfeng101/niwo/cmd/root.go github.com/hfeng101/niwo/cmd.run 143]: InitMongoDb starting!
[2020-12-09 21:10:22 INFO /Users/wangraku/go/src/github.com/hfeng101/niwo/storage/mongodb.go github.com/hfeng101/niwo/storage.CreateMongoCollectionAndIndex 77]: mongo.Connect successed, MongoDbHandle is {0xc0003b9c00 niwo 0xc00025a660 <nil> 0x3d09600 0xc00027d0e0 0xc00027d120 0xc000396380}
[2020-12-09 21:10:22 INFO /usr/local/Cellar/go/1.15/libexec/src/context/context.go context.Background 209]: niwoCollection is {0xc0003b9c00 0xc000200e40 personage 0xc00025a660 <nil> 0x3d09600 0xc00027d1e0 0xc00027d240 0xc000396380}
[2020-12-09 21:10:22 INFO /usr/local/Cellar/go/1.15/libexec/src/context/context.go context.Background 209]: niwoCollection is {0xc0003b9c00 0xc000200e40 sport 0xc00025a660 <nil> 0x3d09600 0xc000262620 0xc000262680 0xc000396380}
[2020-12-09 21:10:22 INFO /usr/local/Cellar/go/1.15/libexec/src/context/context.go context.Background 209]: niwoCollection is {0xc0003b9c00 0xc000200e40 economics 0xc00025a660 <nil> 0x3d09600 0xc000262920 0xc000262980 0xc000396380}
[2020-12-09 21:10:22 INFO /usr/local/Cellar/go/1.15/libexec/src/context/context.go context.Background 209]: niwoCollection is {0xc0003b9c00 0xc000200e40 military 0xc00025a660 <nil> 0x3d09600 0xc000262d20 0xc000262da0 0xc000396380}
[2020-12-09 21:10:22 INFO /usr/local/Cellar/go/1.15/libexec/src/context/context.go context.Background 209]: niwoCollection is {0xc0003b9c00 0xc000200e40 entertainment 0xc00025a660 <nil> 0x3d09600 0xc00019e280 0xc00019e300 0xc000396380}
[2020-12-09 21:10:22 INFO /Users/wangraku/go/src/github.com/hfeng101/niwo/cmd/root.go github.com/hfeng101/niwo/cmd.run 155]: InitMongoDb success!
[2020-12-09 21:10:22 INFO /Users/wangraku/go/src/github.com/hfeng101/niwo/router/register/content.go github.com/hfeng101/niwo/router/register.ContentRouteRegister 15]: ContentRouteRegister starting
